Using pre-set license

 COMMAND LINE ARGUMENTS:
/Applications/Unity/Hub/Editor/2020.3.9f1/Unity.app/Contents/MacOS/Unity
-adb2
-batchMode
-noUpm
-name
AssetImportWorker0
-projectPath
/Users/ahmed/Documents/GitHub/3DBuildingVisualization
-logFile
Logs/AssetImportWorker0.log
-srvPort
49338
Successfully changed project path to: /Users/ahmed/Documents/GitHub/3DBuildingVisualization
/Users/ahmed/Documents/GitHub/3DBuildingVisualization
Using Asset Import Pipeline V2.
Refreshing native plugins compatible for Editor in 43.86 ms, found 1 plugins.
Preloading 0 native plugins for Editor in 0.00 ms.
Initialize engine version: 2020.3.9f1 (108be757e447)
[Subsystems] Discovering subsystems at path /Applications/Unity/Hub/Editor/2020.3.9f1/Unity.app/Contents/Resources/UnitySubsystems
[Subsystems] Discovering subsystems at path /Users/ahmed/Documents/GitHub/3DBuildingVisualization/Assets
GfxDevice: creating device client; threaded=0
2021-11-05 18:38:18.241 Unity[1022:14094] Color LCD preferred device: NVIDIA GeForce GT 650M (high power)
2021-11-05 18:38:18.241 Unity[1022:14094] Metal devices available: 2
2021-11-05 18:38:18.241 Unity[1022:14094] 0: NVIDIA GeForce GT 650M (high power)
2021-11-05 18:38:18.241 Unity[1022:14094] 1: Intel HD Graphics 4000 (low power)
2021-11-05 18:38:18.242 Unity[1022:14094] Using device NVIDIA GeForce GT 650M (high power)
Initializing Metal device caps: NVIDIA GeForce GT 650M
Initialize mono
Mono path[0] = '/Applications/Unity/Hub/Editor/2020.3.9f1/Unity.app/Contents/Managed'
Mono path[1] = '/Applications/Unity/Hub/Editor/2020.3.9f1/Unity.app/Contents/MonoBleedingEdge/lib/mono/unityjit'
Mono config path = '/Applications/Unity/Hub/Editor/2020.3.9f1/Unity.app/Contents/MonoBleedingEdge/etc'
Using monoOptions --debugger-agent=transport=dt_socket,embedding=1,server=y,suspend=n,address=127.0.0.1:56022
Begin MonoManager ReloadAssembly
Registering precompiled unity dll's ...
Register platform support module: /Applications/Unity/Hub/Editor/2020.3.9f1/PlaybackEngines/WebGLSupport/UnityEditor.WebGL.Extensions.dll
Register platform support module: /Applications/Unity/Hub/Editor/2020.3.9f1/Unity.app/Contents/PlaybackEngines/MacStandaloneSupport/UnityEditor.OSXStandalone.Extensions.dll
Register platform support module: /Applications/Unity/Hub/Editor/2020.3.9f1/PlaybackEngines/WindowsStandaloneSupport/UnityEditor.WindowsStandalone.Extensions.dll
Registered in 0.001285 seconds.
Native extension for WindowsStandalone target not found
Native extension for OSXStandalone target not found
Native extension for WebGL target not found
Refreshing native plugins compatible for Editor in 41.85 ms, found 1 plugins.
Preloading 0 native plugins for Editor in 0.00 ms.
Mono: successfully reloaded assembly
- Completed reload, in  4.728 seconds
Platform modules already initialized, skipping
Registering precompiled user dll's ...
Registered in 0.001231 seconds.
Begin MonoManager ReloadAssembly
Native extension for WindowsStandalone target not found
Native extension for OSXStandalone target not found
Native extension for WebGL target not found
Refreshing native plugins compatible for Editor in 41.87 ms, found 1 plugins.
Preloading 0 native plugins for Editor in 0.00 ms.
Mono: successfully reloaded assembly
- Completed reload, in  2.579 seconds
Platform modules already initialized, skipping
========================================================================
Worker process is ready to serve import requests
Launching external process: /Applications/Unity/Hub/Editor/2020.3.9f1/Unity.app/Contents/Tools/UnityShaderCompiler
Launched and connected shader compiler UnityShaderCompiler after 0.02 seconds
Refreshing native plugins compatible for Editor in 0.36 ms, found 1 plugins.
Preloading 0 native plugins for Editor in 0.00 ms.
Unloading 1591 Unused Serialized files (Serialized files now loaded: 0)
System memory in use before: 154.3 MB.
System memory in use after: 154.3 MB.

Unloading 13 unused Assets to reduce memory usage. Loaded Objects now: 2036.
Total: 2.493187 ms (FindLiveObjects: 0.231767 ms CreateObjectMapping: 0.093501 ms MarkObjects: 2.031289 ms  DeleteObjects: 0.135321 ms)

========================================================================
Received Import Request.
  path: Assets/Sprites
  artifactKey: Guid(807c4a31e10f94457af79a09d18d5557) Importer(815301076,1909f56bfc062723c751e8b465ee728b)
Start importing Assets/Sprites using Guid(807c4a31e10f94457af79a09d18d5557) Importer(815301076,1909f56bfc062723c751e8b465ee728b)  -> (artifact id: '54e58fa5994acde09e7229b8925f5011') in 0.005853 seconds
  Import took 0.010100 seconds .

========================================================================
Received Import Request.
  Time since last request: 0.011777 seconds.
  path: Assets/Sprites
  artifactKey: Guid(807c4a31e10f94457af79a09d18d5557) Importer(815301076,1909f56bfc062723c751e8b465ee728b)
Start importing Assets/Sprites using Guid(807c4a31e10f94457af79a09d18d5557) Importer(815301076,1909f56bfc062723c751e8b465ee728b)  -> (artifact id: '54e58fa5994acde09e7229b8925f5011') in 0.001103 seconds
  Import took 0.006585 seconds .

========================================================================
Received Prepare
Registering precompiled user dll's ...
Registered in 0.001262 seconds.
Begin MonoManager ReloadAssembly
Native extension for WindowsStandalone target not found
Native extension for OSXStandalone target not found
Native extension for WebGL target not found
Refreshing native plugins compatible for Editor in 0.39 ms, found 1 plugins.
Preloading 0 native plugins for Editor in 0.00 ms.
Mono: successfully reloaded assembly
- Completed reload, in  1.409 seconds
Platform modules already initialized, skipping
Switching build target platform(2) subTarget(0) extendedPlatform(0) -> platform(13) subTarget(589824) extendedPlatform(0)
Refreshing native plugins compatible for Editor in 0.41 ms, found 1 plugins.
Preloading 0 native plugins for Editor in 0.00 ms.
Unloading 1583 Unused Serialized files (Serialized files now loaded: 0)
System memory in use before: 153.1 MB.
System memory in use after: 153.2 MB.

Unloading 8 unused Assets to reduce memory usage. Loaded Objects now: 2039.
Total: 2.548985 ms (FindLiveObjects: 0.238426 ms CreateObjectMapping: 0.120387 ms MarkObjects: 2.127404 ms  DeleteObjects: 0.061473 ms)

AssetImportParameters requested are different than current active one (requested -> active):
  custom:graphics/normal-map-encoding: 01000000000000000000000000000000 -> 02000000000000000000000000000000
